<?xml version="1.0" encoding="UTF-8"?>
<testng-results ignored="0" total="4" passed="4" failed="0" skipped="0">
  <reporter-output>
  </reporter-output>
  <suite started-at="2024-11-26T12:04:56 IST" name="FitPeo Test Suite" finished-at="2024-11-26T12:05:03 IST" duration-ms="6805">
    <groups>
    </groups>
    <test started-at="2024-11-26T12:04:56 IST" name="FitPeo Assignment Tests" finished-at="2024-11-26T12:05:03 IST" duration-ms="6805">
      <class name="FitPeo.Assignment.task">
        <test-method is-config="true" signature="setup()[pri:0, instance:FitPeo.Assignment.task@2892d68]" started-at="2024-11-26T12:04:56 IST" name="setup" finished-at="2024-11-26T12:05:00 IST" duration-ms="3666" status="PASS">
          <reporter-output>
          </reporter-output>
        </test-method> <!-- setup -->
        <test-method signature="navigateToRevenueCalculator()[pri:0, instance:FitPeo.Assignment.task@2892d68]" started-at="2024-11-26T12:05:00 IST" name="navigateToRevenueCalculator" finished-at="2024-11-26T12:05:00 IST" duration-ms="76" status="PASS">
          <reporter-output>
          </reporter-output>
        </test-method> <!-- navigateToRevenueCalculator -->
        <test-method signature="validateSliderUpdatesWithMovement()[pri:1, instance:FitPeo.Assignment.task@2892d68]" started-at="2024-11-26T12:05:00 IST" name="validateSliderUpdatesWithMovement" finished-at="2024-11-26T12:05:01 IST" duration-ms="1449" status="PASS">
          <reporter-output>
          </reporter-output>
        </test-method> <!-- validateSliderUpdatesWithMovement -->
        <test-method signature="updateSliderThroughTextField()[pri:2, instance:FitPeo.Assignment.task@2892d68]" started-at="2024-11-26T12:05:01 IST" name="updateSliderThroughTextField" finished-at="2024-11-26T12:05:01 IST" duration-ms="193" status="PASS">
          <reporter-output>
          </reporter-output>
        </test-method> <!-- updateSliderThroughTextField -->
        <test-method signature="validatingTotalRecurringReimbursement()[pri:3, instance:FitPeo.Assignment.task@2892d68]" started-at="2024-11-26T12:05:01 IST" name="validatingTotalRecurringReimbursement" finished-at="2024-11-26T12:05:03 IST" duration-ms="1259" status="PASS">
          <reporter-output>
          </reporter-output>
        </test-method> <!-- validatingTotalRecurringReimbursement -->
        <test-method is-config="true" signature="teardown()[pri:0, instance:FitPeo.Assignment.task@2892d68]" started-at="2024-11-26T12:05:03 IST" name="teardown" finished-at="2024-11-26T12:05:03 IST" duration-ms="129" status="PASS">
          <reporter-output>
          </reporter-output>
        </test-method> <!-- teardown -->
      </class> <!-- FitPeo.Assignment.task -->
    </test> <!-- FitPeo Assignment Tests -->
  </suite> <!-- FitPeo Test Suite -->
</testng-results>
