<?xml version="1.0" encoding="UTF-8"?>
<!-- Generated by org.testng.reporters.JUnitXMLReporter -->
<testsuite ignored="0" hostname="Arjen" failures="0" tests="4" name="Default test" time="7.165" errors="0" timestamp="2024-11-25T10:44:30 IST">
  <testcase classname="FitPeo.Assignment2.task" name="navigateToRevenueCalculator" time="0.073"/>
  <testcase classname="FitPeo.Assignment2.task" name="validateSliderUpdatesWithMovement" time="1.449"/>
  <testcase classname="FitPeo.Assignment2.task" name="updateSliderThroughTextField" time="0.187"/>
  <testcase classname="FitPeo.Assignment2.task" name="validatingTotalRecurringReimbursement" time="1.298"/>
</testsuite> <!-- Default test -->
