<?xml version="1.0" encoding="UTF-8"?>
<!-- Generated by org.testng.reporters.JUnitXMLReporter -->
<testsuite ignored="0" hostname="Arjen" failures="0" tests="4" name="FitPeo Assignment Tests" time="6.805" errors="0" timestamp="2024-11-26T12:05:03 IST">
  <testcase classname="FitPeo.Assignment.task" name="navigateToRevenueCalculator" time="0.076"/>
  <testcase classname="FitPeo.Assignment.task" name="validateSliderUpdatesWithMovement" time="1.449"/>
  <testcase classname="FitPeo.Assignment.task" name="updateSliderThroughTextField" time="0.193"/>
  <testcase classname="FitPeo.Assignment.task" name="validatingTotalRecurringReimbursement" time="1.259"/>
</testsuite> <!-- FitPeo Assignment Tests -->
